This file contains any messages produced by compilers while
running configure, to aid debugging if configure makes a mistake.

It was created by graph-tool configure 2.2.36, which was
generated by GNU Autoconf 2.69.  Invocation command line was

  $ ./configure LDFLAGS=-L/usr/local/bin/python/lib

## --------- ##
## Platform. ##
## --------- ##

hostname = ma-mrathbunlap.local
uname -m = x86_64
uname -r = 14.0.0
uname -s = Darwin
uname -v = Darwin Kernel Version 14.0.0: Fri Sep 19 00:26:44 PDT 2014; root:xnu-2782.1.97~2/RELEASE_X86_64

/usr/bin/uname -p = i386
/bin/uname -X     = unknown

/bin/arch              = unknown
/usr/bin/arch -k       = unknown
/usr/convex/getsysinfo = unknown
/usr/bin/hostinfo      = Mach kernel version:
	 Darwin Kernel Version 14.0.0: Fri Sep 19 00:26:44 PDT 2014; root:xnu-2782.1.97~2/RELEASE_X86_64
Kernel configured for up to 4 processors.
2 processors are physically available.
4 processors are logically available.
Processor type: i486 (Intel 80486)
Processors active: 0 1 2 3
Primary memory available: 8.00 gigabytes
Default processor set: 200 tasks, 929 threads, 4 processors
Load average: 1.53, Mach factor: 2.45
/bin/machine           = unknown
/usr/bin/oslevel       = unknown
/bin/universe          = unknown

PATH: /Users/Matt/Library/Enthought/Canopy_64bit/User/bin
PATH: /usr/local/bin
PATH: /usr/bin
PATH: /bin
PATH: /usr/sbin
PATH: /sbin
PATH: /opt/X11/bin
PATH: /usr/texbin


## ----------- ##
## Core tests. ##
## ----------- ##

configure:2688: checking for a BSD-compatible install
configure:2756: result: /usr/bin/install -c
configure:2767: checking whether build environment is sane
configure:2822: result: yes
configure:2973: checking for a thread-safe mkdir -p
configure:3012: result: ./install-sh -c -d
configure:3019: checking for gawk
configure:3049: result: no
configure:3019: checking for mawk
configure:3049: result: no
configure:3019: checking for nawk
configure:3049: result: no
configure:3019: checking for awk
configure:3035: found /usr/bin/awk
configure:3046: result: awk
configure:3057: checking whether make sets $(MAKE)
configure:3079: result: yes
configure:3108: checking whether make supports nested variables
configure:3125: result: yes
configure:3261: checking whether make supports nested variables
configure:3278: result: yes
configure:3301: checking for style of include used by make
configure:3329: result: GNU
configure:3400: checking for gcc
configure:3416: found /usr/bin/gcc
configure:3427: result: gcc
configure:3656: checking for C compiler version
configure:3665: gcc --version >&5
Apple LLVM version 6.0 (clang-600.0.54) (based on LLVM 3.5svn)
Target: x86_64-apple-darwin14.0.0
Thread model: posix
Configured with: --prefix=/Applications/Xcode.app/Contents/Developer/usr --with-gxx-include-dir=/Applications/Xcode.app/Contents/Developer/Platforms/MacOSX.platform/Developer/SDKs/MacOSX10.10.sdk/usr/include/c++/4.2.1
configure:3676: $? = 0
configure:3665: gcc -v >&5
Configured with: --prefix=/Applications/Xcode.app/Contents/Developer/usr --with-gxx-include-dir=/Applications/Xcode.app/Contents/Developer/Platforms/MacOSX.platform/Developer/SDKs/MacOSX10.10.sdk/usr/include/c++/4.2.1
Apple LLVM version 6.0 (clang-600.0.54) (based on LLVM 3.5svn)
Target: x86_64-apple-darwin14.0.0
Thread model: posix
configure:3676: $? = 0
configure:3665: gcc -V >&5
clang: error: argument to '-V' is missing (expected 1 value)
clang: error: no input files
configure:3676: $? = 1
configure:3665: gcc -qversion >&5
clang: error: unknown argument: '-qversion'
clang: error: no input files
configure:3676: $? = 1
configure:3696: checking whether the C compiler works
configure:3718: gcc   -L/usr/local/bin/python/lib conftest.c  >&5
ld: warning: directory not found for option '-L/usr/local/bin/python/lib'
configure:3722: $? = 0
configure:3770: result: yes
configure:3773: checking for C compiler default output file name
configure:3775: result: a.out
configure:3781: checking for suffix of executables
configure:3788: gcc -o conftest   -L/usr/local/bin/python/lib conftest.c  >&5
ld: warning: directory not found for option '-L/usr/local/bin/python/lib'
configure:3792: $? = 0
configure:3814: result: 
configure:3836: checking whether we are cross compiling
configure:3844: gcc -o conftest   -L/usr/local/bin/python/lib conftest.c  >&5
ld: warning: directory not found for option '-L/usr/local/bin/python/lib'
configure:3848: $? = 0
configure:3855: ./conftest
configure:3859: $? = 0
configure:3874: result: no
configure:3879: checking for suffix of object files
configure:3901: gcc -c   conftest.c >&5
configure:3905: $? = 0
configure:3926: result: o
configure:3930: checking whether we are using the GNU C compiler
configure:3949: gcc -c   conftest.c >&5
configure:3949: $? = 0
configure:3958: result: yes
configure:3967: checking whether gcc accepts -g
configure:3987: gcc -c -g  conftest.c >&5
configure:3987: $? = 0
configure:4028: result: yes
configure:4045: checking for gcc option to accept ISO C89
configure:4108: gcc  -c -g -O2  conftest.c >&5
configure:4108: $? = 0
configure:4121: result: none needed
configure:4146: checking whether gcc understands -c and -o together
configure:4168: gcc -c conftest.c -o conftest2.o
configure:4171: $? = 0
configure:4168: gcc -c conftest.c -o conftest2.o
configure:4171: $? = 0
configure:4183: result: yes
configure:4202: checking dependency style of gcc
configure:4313: result: gcc3
configure:4334: checking for library containing strerror
configure:4365: gcc -o conftest -g -O2  -L/usr/local/bin/python/lib conftest.c  >&5
conftest.c:18:6: warning: incompatible redeclaration of library function 'strerror' [-Wincompatible-library-redeclaration]
char strerror ();
     ^
conftest.c:18:6: note: 'strerror' is a builtin with type 'char *(int)'
1 warning generated.
ld: warning: directory not found for option '-L/usr/local/bin/python/lib'
configure:4365: $? = 0
configure:4382: result: none required
configure:4397: checking how to run the C preprocessor
configure:4428: gcc -E  conftest.c
configure:4428: $? = 0
configure:4442: gcc -E  conftest.c
conftest.c:11:10: fatal error: 'ac_nonexistent.h' file not found
#include <ac_nonexistent.h>
         ^
1 error generated.
configure:4442: $? = 1
configure: failed program was:
| /* confdefs.h */
| #define PACKAGE_NAME "graph-tool"
| #define PACKAGE_TARNAME "graph-tool"
| #define PACKAGE_VERSION "2.2.36"
| #define PACKAGE_STRING "graph-tool 2.2.36"
| #define PACKAGE_BUGREPORT "http://graph-tool.skewed.de/tickets"
| #define PACKAGE_URL "http://graph-tool.skewed.de"
| #define PACKAGE "graph-tool"
| #define VERSION "2.2.36"
| /* end confdefs.h.  */
| #include <ac_nonexistent.h>
configure:4467: result: gcc -E
configure:4487: gcc -E  conftest.c
configure:4487: $? = 0
configure:4501: gcc -E  conftest.c
conftest.c:11:10: fatal error: 'ac_nonexistent.h' file not found
#include <ac_nonexistent.h>
         ^
1 error generated.
configure:4501: $? = 1
configure: failed program was:
| /* confdefs.h */
| #define PACKAGE_NAME "graph-tool"
| #define PACKAGE_TARNAME "graph-tool"
| #define PACKAGE_VERSION "2.2.36"
| #define PACKAGE_STRING "graph-tool 2.2.36"
| #define PACKAGE_BUGREPORT "http://graph-tool.skewed.de/tickets"
| #define PACKAGE_URL "http://graph-tool.skewed.de"
| #define PACKAGE "graph-tool"
| #define VERSION "2.2.36"
| /* end confdefs.h.  */
| #include <ac_nonexistent.h>
configure:4530: checking for grep that handles long lines and -e
configure:4588: result: /usr/bin/grep
configure:4593: checking for egrep
configure:4655: result: /usr/bin/grep -E
configure:4660: checking for ANSI C header files
configure:4680: gcc -c -g -O2  conftest.c >&5
configure:4680: $? = 0
configure:4753: gcc -o conftest -g -O2  -L/usr/local/bin/python/lib conftest.c  >&5
ld: warning: directory not found for option '-L/usr/local/bin/python/lib'
configure:4753: $? = 0
configure:4753: ./conftest
configure:4753: $? = 0
configure:4764: result: yes
configure:4777: checking for sys/types.h
configure:4777: gcc -c -g -O2  conftest.c >&5
configure:4777: $? = 0
configure:4777: result: yes
configure:4777: checking for sys/stat.h
configure:4777: gcc -c -g -O2  conftest.c >&5
configure:4777: $? = 0
configure:4777: result: yes
configure:4777: checking for stdlib.h
configure:4777: gcc -c -g -O2  conftest.c >&5
configure:4777: $? = 0
configure:4777: result: yes
configure:4777: checking for string.h
configure:4777: gcc -c -g -O2  conftest.c >&5
configure:4777: $? = 0
configure:4777: result: yes
configure:4777: checking for memory.h
configure:4777: gcc -c -g -O2  conftest.c >&5
configure:4777: $? = 0
configure:4777: result: yes
configure:4777: checking for strings.h
configure:4777: gcc -c -g -O2  conftest.c >&5
configure:4777: $? = 0
configure:4777: result: yes
configure:4777: checking for inttypes.h
configure:4777: gcc -c -g -O2  conftest.c >&5
configure:4777: $? = 0
configure:4777: result: yes
configure:4777: checking for stdint.h
configure:4777: gcc -c -g -O2  conftest.c >&5
configure:4777: $? = 0
configure:4777: result: yes
configure:4777: checking for unistd.h
configure:4777: gcc -c -g -O2  conftest.c >&5
configure:4777: $? = 0
configure:4777: result: yes
configure:4790: checking minix/config.h usability
configure:4790: gcc -c -g -O2  conftest.c >&5
conftest.c:54:10: fatal error: 'minix/config.h' file not found
#include <minix/config.h>
         ^
1 error generated.
configure:4790: $? = 1
configure: failed program was:
| /* confdefs.h */
| #define PACKAGE_NAME "graph-tool"
| #define PACKAGE_TARNAME "graph-tool"
| #define PACKAGE_VERSION "2.2.36"
| #define PACKAGE_STRING "graph-tool 2.2.36"
| #define PACKAGE_BUGREPORT "http://graph-tool.skewed.de/tickets"
| #define PACKAGE_URL "http://graph-tool.skewed.de"
| #define PACKAGE "graph-tool"
| #define VERSION "2.2.36"
| #define STDC_HEADERS 1
| #define HAVE_SYS_TYPES_H 1
| #define HAVE_SYS_STAT_H 1
| #define HAVE_STDLIB_H 1
| #define HAVE_STRING_H 1
| #define HAVE_MEMORY_H 1
| #define HAVE_STRINGS_H 1
| #define HAVE_INTTYPES_H 1
| #define HAVE_STDINT_H 1
| #define HAVE_UNISTD_H 1
| /* end confdefs.h.  */
| #include <stdio.h>
| #ifdef HAVE_SYS_TYPES_H
| # include <sys/types.h>
| #endif
| #ifdef HAVE_SYS_STAT_H
| # include <sys/stat.h>
| #endif
| #ifdef STDC_HEADERS
| # include <stdlib.h>
| # include <stddef.h>
| #else
| # ifdef HAVE_STDLIB_H
| #  include <stdlib.h>
| # endif
| #endif
| #ifdef HAVE_STRING_H
| # if !defined STDC_HEADERS && defined HAVE_MEMORY_H
| #  include <memory.h>
| # endif
| # include <string.h>
| #endif
| #ifdef HAVE_STRINGS_H
| # include <strings.h>
| #endif
| #ifdef HAVE_INTTYPES_H
| # include <inttypes.h>
| #endif
| #ifdef HAVE_STDINT_H
| # include <stdint.h>
| #endif
| #ifdef HAVE_UNISTD_H
| # include <unistd.h>
| #endif
| #include <minix/config.h>
configure:4790: result: no
configure:4790: checking minix/config.h presence
configure:4790: gcc -E  conftest.c
conftest.c:21:10: fatal error: 'minix/config.h' file not found
#include <minix/config.h>
         ^
1 error generated.
configure:4790: $? = 1
configure: failed program was:
| /* confdefs.h */
| #define PACKAGE_NAME "graph-tool"
| #define PACKAGE_TARNAME "graph-tool"
| #define PACKAGE_VERSION "2.2.36"
| #define PACKAGE_STRING "graph-tool 2.2.36"
| #define PACKAGE_BUGREPORT "http://graph-tool.skewed.de/tickets"
| #define PACKAGE_URL "http://graph-tool.skewed.de"
| #define PACKAGE "graph-tool"
| #define VERSION "2.2.36"
| #define STDC_HEADERS 1
| #define HAVE_SYS_TYPES_H 1
| #define HAVE_SYS_STAT_H 1
| #define HAVE_STDLIB_H 1
| #define HAVE_STRING_H 1
| #define HAVE_MEMORY_H 1
| #define HAVE_STRINGS_H 1
| #define HAVE_INTTYPES_H 1
| #define HAVE_STDINT_H 1
| #define HAVE_UNISTD_H 1
| /* end confdefs.h.  */
| #include <minix/config.h>
configure:4790: result: no
configure:4790: checking for minix/config.h
configure:4790: result: no
configure:4811: checking whether it is safe to define __EXTENSIONS__
configure:4829: gcc -c -g -O2  conftest.c >&5
configure:4829: $? = 0
configure:4836: result: yes
configure:4908: checking for g++
configure:4924: found /usr/bin/g++
configure:4935: result: g++
configure:4962: checking for C++ compiler version
configure:4971: g++ --version >&5
Apple LLVM version 6.0 (clang-600.0.54) (based on LLVM 3.5svn)
Target: x86_64-apple-darwin14.0.0
Thread model: posix
Configured with: --prefix=/Applications/Xcode.app/Contents/Developer/usr --with-gxx-include-dir=/Applications/Xcode.app/Contents/Developer/Platforms/MacOSX.platform/Developer/SDKs/MacOSX10.10.sdk/usr/include/c++/4.2.1
configure:4982: $? = 0
configure:4971: g++ -v >&5
Configured with: --prefix=/Applications/Xcode.app/Contents/Developer/usr --with-gxx-include-dir=/Applications/Xcode.app/Contents/Developer/Platforms/MacOSX.platform/Developer/SDKs/MacOSX10.10.sdk/usr/include/c++/4.2.1
Apple LLVM version 6.0 (clang-600.0.54) (based on LLVM 3.5svn)
Target: x86_64-apple-darwin14.0.0
Thread model: posix
configure:4982: $? = 0
configure:4971: g++ -V >&5
clang: error: argument to '-V' is missing (expected 1 value)
clang: error: no input files
configure:4982: $? = 1
configure:4971: g++ -qversion >&5
clang: error: unknown argument: '-qversion'
clang: error: no input files
configure:4982: $? = 1
configure:4986: checking whether we are using the GNU C++ compiler
configure:5005: g++ -c   conftest.cpp >&5
configure:5005: $? = 0
configure:5014: result: yes
configure:5023: checking whether g++ accepts -g
configure:5043: g++ -c -g  conftest.cpp >&5
configure:5043: $? = 0
configure:5084: result: yes
configure:5109: checking dependency style of g++
configure:5220: result: gcc3
configure:5245: checking for gcc option to accept ISO C99
configure:5394: g++ -c   conftest.cpp >&5
conftest.cpp:76:29: error: expected ')'
test_restrict (ccp restrict text)
                            ^
conftest.cpp:76:15: note: to match this '('
test_restrict (ccp restrict text)
              ^
conftest.cpp:81:30: error: use of undeclared identifier 'text'
  for (unsigned int i = 0; *(text+i) != '\0'; ++i)
                             ^
conftest.cpp:130:17: error: expected ';' at end of declaration
  char *restrict newvar = "Another string";
                ^
                ;
conftest.cpp:137:28: error: cannot initialize a variable of type 'struct incomplete_array *' with an rvalue of type 'void *'
  struct incomplete_array *ia =
                           ^
conftest.cpp:156:59: error: use of undeclared identifier 'newvar'
  return (!success || bignum == 0LL || ubignum == 0uLL || newvar[0] == 'x'
                                                          ^
5 errors generated.
configure:5394: $? = 1
configure: failed program was:
| /* confdefs.h */
| #define PACKAGE_NAME "graph-tool"
| #define PACKAGE_TARNAME "graph-tool"
| #define PACKAGE_VERSION "2.2.36"
| #define PACKAGE_STRING "graph-tool 2.2.36"
| #define PACKAGE_BUGREPORT "http://graph-tool.skewed.de/tickets"
| #define PACKAGE_URL "http://graph-tool.skewed.de"
| #define PACKAGE "graph-tool"
| #define VERSION "2.2.36"
| #define STDC_HEADERS 1
| #define HAVE_SYS_TYPES_H 1
| #define HAVE_SYS_STAT_H 1
| #define HAVE_STDLIB_H 1
| #define HAVE_STRING_H 1
| #define HAVE_MEMORY_H 1
| #define HAVE_STRINGS_H 1
| #define HAVE_INTTYPES_H 1
| #define HAVE_STDINT_H 1
| #define HAVE_UNISTD_H 1
| #define __EXTENSIONS__ 1
| #define _ALL_SOURCE 1
| #define _GNU_SOURCE 1
| #define _POSIX_PTHREAD_SEMANTICS 1
| #define _TANDEM_SOURCE 1
| /* end confdefs.h.  */
| #include <stdarg.h>
| #include <stdbool.h>
| #include <stdlib.h>
| #include <wchar.h>
| #include <stdio.h>
| 
| // Check varargs macros.  These examples are taken from C99 6.10.3.5.
| #define debug(...) fprintf (stderr, __VA_ARGS__)
| #define showlist(...) puts (#__VA_ARGS__)
| #define report(test,...) ((test) ? puts (#test) : printf (__VA_ARGS__))
| static void
| test_varargs_macros (void)
| {
|   int x = 1234;
|   int y = 5678;
|   debug ("Flag");
|   debug ("X = %d\n", x);
|   showlist (The first, second, and third items.);
|   report (x>y, "x is %d but y is %d", x, y);
| }
| 
| // Check long long types.
| #define BIG64 18446744073709551615ull
| #define BIG32 4294967295ul
| #define BIG_OK (BIG64 / BIG32 == 4294967297ull && BIG64 % BIG32 == 0)
| #if !BIG_OK
|   your preprocessor is broken;
| #endif
| #if BIG_OK
| #else
|   your preprocessor is broken;
| #endif
| static long long int bignum = -9223372036854775807LL;
| static unsigned long long int ubignum = BIG64;
| 
| struct incomplete_array
| {
|   int datasize;
|   double data[];
| };
| 
| struct named_init {
|   int number;
|   const wchar_t *name;
|   double average;
| };
| 
| typedef const char *ccp;
| 
| static inline int
| test_restrict (ccp restrict text)
| {
|   // See if C++-style comments work.
|   // Iterate through items via the restricted pointer.
|   // Also check for declarations in for loops.
|   for (unsigned int i = 0; *(text+i) != '\0'; ++i)
|     continue;
|   return 0;
| }
| 
| // Check varargs and va_copy.
| static void
| test_varargs (const char *format, ...)
| {
|   va_list args;
|   va_start (args, format);
|   va_list args_copy;
|   va_copy (args_copy, args);
| 
|   const char *str;
|   int number;
|   float fnumber;
| 
|   while (*format)
|     {
|       switch (*format++)
| 	{
| 	case 's': // string
| 	  str = va_arg (args_copy, const char *);
| 	  break;
| 	case 'd': // int
| 	  number = va_arg (args_copy, int);
| 	  break;
| 	case 'f': // float
| 	  fnumber = va_arg (args_copy, double);
| 	  break;
| 	default:
| 	  break;
| 	}
|     }
|   va_end (args_copy);
|   va_end (args);
| }
| 
| int
| main ()
| {
| 
|   // Check bool.
|   _Bool success = false;
| 
|   // Check restrict.
|   if (test_restrict ("String literal") == 0)
|     success = true;
|   char *restrict newvar = "Another string";
| 
|   // Check varargs.
|   test_varargs ("s, d' f .", "string", 65, 34.234);
|   test_varargs_macros ();
| 
|   // Check flexible array members.
|   struct incomplete_array *ia =
|     malloc (sizeof (struct incomplete_array) + (sizeof (double) * 10));
|   ia->datasize = 10;
|   for (int i = 0; i < ia->datasize; ++i)
|     ia->data[i] = i * 1.234;
| 
|   // Check named initializers.
|   struct named_init ni = {
|     .number = 34,
|     .name = L"Test wide string",
|     .average = 543.34343,
|   };
| 
|   ni.number = 58;
| 
|   int dynamic_array[ni.number];
|   dynamic_array[ni.number - 1] = 543;
| 
|   // work around unused variable warnings
|   return (!success || bignum == 0LL || ubignum == 0uLL || newvar[0] == 'x'
| 	  || dynamic_array[ni.number - 1] != 543);
| 
|   ;
|   return 0;
| }
configure:5394: g++ -c   conftest.cpp >&5
conftest.cpp:76:29: error: expected ')'
test_restrict (ccp restrict text)
                            ^
conftest.cpp:76:15: note: to match this '('
test_restrict (ccp restrict text)
              ^
conftest.cpp:81:30: error: use of undeclared identifier 'text'
  for (unsigned int i = 0; *(text+i) != '\0'; ++i)
                             ^
conftest.cpp:130:17: error: expected ';' at end of declaration
  char *restrict newvar = "Another string";
                ^
                ;
conftest.cpp:137:28: error: cannot initialize a variable of type 'struct incomplete_array *' with an rvalue of type 'void *'
  struct incomplete_array *ia =
                           ^
conftest.cpp:156:59: error: use of undeclared identifier 'newvar'
  return (!success || bignum == 0LL || ubignum == 0uLL || newvar[0] == 'x'
                                                          ^
5 errors generated.
configure:5394: $? = 1
configure: failed program was:
| /* confdefs.h */
| #define PACKAGE_NAME "graph-tool"
| #define PACKAGE_TARNAME "graph-tool"
| #define PACKAGE_VERSION "2.2.36"
| #define PACKAGE_STRING "graph-tool 2.2.36"
| #define PACKAGE_BUGREPORT "http://graph-tool.skewed.de/tickets"
| #define PACKAGE_URL "http://graph-tool.skewed.de"
| #define PACKAGE "graph-tool"
| #define VERSION "2.2.36"
| #define STDC_HEADERS 1
| #define HAVE_SYS_TYPES_H 1
| #define HAVE_SYS_STAT_H 1
| #define HAVE_STDLIB_H 1
| #define HAVE_STRING_H 1
| #define HAVE_MEMORY_H 1
| #define HAVE_STRINGS_H 1
| #define HAVE_INTTYPES_H 1
| #define HAVE_STDINT_H 1
| #define HAVE_UNISTD_H 1
| #define __EXTENSIONS__ 1
| #define _ALL_SOURCE 1
| #define _GNU_SOURCE 1
| #define _POSIX_PTHREAD_SEMANTICS 1
| #define _TANDEM_SOURCE 1
| /* end confdefs.h.  */
| #include <stdarg.h>
| #include <stdbool.h>
| #include <stdlib.h>
| #include <wchar.h>
| #include <stdio.h>
| 
| // Check varargs macros.  These examples are taken from C99 6.10.3.5.
| #define debug(...) fprintf (stderr, __VA_ARGS__)
| #define showlist(...) puts (#__VA_ARGS__)
| #define report(test,...) ((test) ? puts (#test) : printf (__VA_ARGS__))
| static void
| test_varargs_macros (void)
| {
|   int x = 1234;
|   int y = 5678;
|   debug ("Flag");
|   debug ("X = %d\n", x);
|   showlist (The first, second, and third items.);
|   report (x>y, "x is %d but y is %d", x, y);
| }
| 
| // Check long long types.
| #define BIG64 18446744073709551615ull
| #define BIG32 4294967295ul
| #define BIG_OK (BIG64 / BIG32 == 4294967297ull && BIG64 % BIG32 == 0)
| #if !BIG_OK
|   your preprocessor is broken;
| #endif
| #if BIG_OK
| #else
|   your preprocessor is broken;
| #endif
| static long long int bignum = -9223372036854775807LL;
| static unsigned long long int ubignum = BIG64;
| 
| struct incomplete_array
| {
|   int datasize;
|   double data[];
| };
| 
| struct named_init {
|   int number;
|   const wchar_t *name;
|   double average;
| };
| 
| typedef const char *ccp;
| 
| static inline int
| test_restrict (ccp restrict text)
| {
|   // See if C++-style comments work.
|   // Iterate through items via the restricted pointer.
|   // Also check for declarations in for loops.
|   for (unsigned int i = 0; *(text+i) != '\0'; ++i)
|     continue;
|   return 0;
| }
| 
| // Check varargs and va_copy.
| static void
| test_varargs (const char *format, ...)
| {
|   va_list args;
|   va_start (args, format);
|   va_list args_copy;
|   va_copy (args_copy, args);
| 
|   const char *str;
|   int number;
|   float fnumber;
| 
|   while (*format)
|     {
|       switch (*format++)
| 	{
| 	case 's': // string
| 	  str = va_arg (args_copy, const char *);
| 	  break;
| 	case 'd': // int
| 	  number = va_arg (args_copy, int);
| 	  break;
| 	case 'f': // float
| 	  fnumber = va_arg (args_copy, double);
| 	  break;
| 	default:
| 	  break;
| 	}
|     }
|   va_end (args_copy);
|   va_end (args);
| }
| 
| int
| main ()
| {
| 
|   // Check bool.
|   _Bool success = false;
| 
|   // Check restrict.
|   if (test_restrict ("String literal") == 0)
|     success = true;
|   char *restrict newvar = "Another string";
| 
|   // Check varargs.
|   test_varargs ("s, d' f .", "string", 65, 34.234);
|   test_varargs_macros ();
| 
|   // Check flexible array members.
|   struct incomplete_array *ia =
|     malloc (sizeof (struct incomplete_array) + (sizeof (double) * 10));
|   ia->datasize = 10;
|   for (int i = 0; i < ia->datasize; ++i)
|     ia->data[i] = i * 1.234;
| 
|   // Check named initializers.
|   struct named_init ni = {
|     .number = 34,
|     .name = L"Test wide string",
|     .average = 543.34343,
|   };
| 
|   ni.number = 58;
| 
|   int dynamic_array[ni.number];
|   dynamic_array[ni.number - 1] = 543;
| 
|   // work around unused variable warnings
|   return (!success || bignum == 0LL || ubignum == 0uLL || newvar[0] == 'x'
| 	  || dynamic_array[ni.number - 1] != 543);
| 
|   ;
|   return 0;
| }
configure:5394: g++ -c   conftest.cpp >&5
conftest.cpp:76:29: error: expected ')'
test_restrict (ccp restrict text)
                            ^
conftest.cpp:76:15: note: to match this '('
test_restrict (ccp restrict text)
              ^
conftest.cpp:81:30: error: use of undeclared identifier 'text'
  for (unsigned int i = 0; *(text+i) != '\0'; ++i)
                             ^
conftest.cpp:130:17: error: expected ';' at end of declaration
  char *restrict newvar = "Another string";
                ^
                ;
conftest.cpp:137:28: error: cannot initialize a variable of type 'struct incomplete_array *' with an rvalue of type 'void *'
  struct incomplete_array *ia =
                           ^
conftest.cpp:156:59: error: use of undeclared identifier 'newvar'
  return (!success || bignum == 0LL || ubignum == 0uLL || newvar[0] == 'x'
                                                          ^
5 errors generated.
configure:5394: $? = 1
configure: failed program was:
| /* confdefs.h */
| #define PACKAGE_NAME "graph-tool"
| #define PACKAGE_TARNAME "graph-tool"
| #define PACKAGE_VERSION "2.2.36"
| #define PACKAGE_STRING "graph-tool 2.2.36"
| #define PACKAGE_BUGREPORT "http://graph-tool.skewed.de/tickets"
| #define PACKAGE_URL "http://graph-tool.skewed.de"
| #define PACKAGE "graph-tool"
| #define VERSION "2.2.36"
| #define STDC_HEADERS 1
| #define HAVE_SYS_TYPES_H 1
| #define HAVE_SYS_STAT_H 1
| #define HAVE_STDLIB_H 1
| #define HAVE_STRING_H 1
| #define HAVE_MEMORY_H 1
| #define HAVE_STRINGS_H 1
| #define HAVE_INTTYPES_H 1
| #define HAVE_STDINT_H 1
| #define HAVE_UNISTD_H 1
| #define __EXTENSIONS__ 1
| #define _ALL_SOURCE 1
| #define _GNU_SOURCE 1
| #define _POSIX_PTHREAD_SEMANTICS 1
| #define _TANDEM_SOURCE 1
| /* end confdefs.h.  */
| #include <stdarg.h>
| #include <stdbool.h>
| #include <stdlib.h>
| #include <wchar.h>
| #include <stdio.h>
| 
| // Check varargs macros.  These examples are taken from C99 6.10.3.5.
| #define debug(...) fprintf (stderr, __VA_ARGS__)
| #define showlist(...) puts (#__VA_ARGS__)
| #define report(test,...) ((test) ? puts (#test) : printf (__VA_ARGS__))
| static void
| test_varargs_macros (void)
| {
|   int x = 1234;
|   int y = 5678;
|   debug ("Flag");
|   debug ("X = %d\n", x);
|   showlist (The first, second, and third items.);
|   report (x>y, "x is %d but y is %d", x, y);
| }
| 
| // Check long long types.
| #define BIG64 18446744073709551615ull
| #define BIG32 4294967295ul
| #define BIG_OK (BIG64 / BIG32 == 4294967297ull && BIG64 % BIG32 == 0)
| #if !BIG_OK
|   your preprocessor is broken;
| #endif
| #if BIG_OK
| #else
|   your preprocessor is broken;
| #endif
| static long long int bignum = -9223372036854775807LL;
| static unsigned long long int ubignum = BIG64;
| 
| struct incomplete_array
| {
|   int datasize;
|   double data[];
| };
| 
| struct named_init {
|   int number;
|   const wchar_t *name;
|   double average;
| };
| 
| typedef const char *ccp;
| 
| static inline int
| test_restrict (ccp restrict text)
| {
|   // See if C++-style comments work.
|   // Iterate through items via the restricted pointer.
|   // Also check for declarations in for loops.
|   for (unsigned int i = 0; *(text+i) != '\0'; ++i)
|     continue;
|   return 0;
| }
| 
| // Check varargs and va_copy.
| static void
| test_varargs (const char *format, ...)
| {
|   va_list args;
|   va_start (args, format);
|   va_list args_copy;
|   va_copy (args_copy, args);
| 
|   const char *str;
|   int number;
|   float fnumber;
| 
|   while (*format)
|     {
|       switch (*format++)
| 	{
| 	case 's': // string
| 	  str = va_arg (args_copy, const char *);
| 	  break;
| 	case 'd': // int
| 	  number = va_arg (args_copy, int);
| 	  break;
| 	case 'f': // float
| 	  fnumber = va_arg (args_copy, double);
| 	  break;
| 	default:
| 	  break;
| 	}
|     }
|   va_end (args_copy);
|   va_end (args);
| }
| 
| int
| main ()
| {
| 
|   // Check bool.
|   _Bool success = false;
| 
|   // Check restrict.
|   if (test_restrict ("String literal") == 0)
|     success = true;
|   char *restrict newvar = "Another string";
| 
|   // Check varargs.
|   test_varargs ("s, d' f .", "string", 65, 34.234);
|   test_varargs_macros ();
| 
|   // Check flexible array members.
|   struct incomplete_array *ia =
|     malloc (sizeof (struct incomplete_array) + (sizeof (double) * 10));
|   ia->datasize = 10;
|   for (int i = 0; i < ia->datasize; ++i)
|     ia->data[i] = i * 1.234;
| 
|   // Check named initializers.
|   struct named_init ni = {
|     .number = 34,
|     .name = L"Test wide string",
|     .average = 543.34343,
|   };
| 
|   ni.number = 58;
| 
|   int dynamic_array[ni.number];
|   dynamic_array[ni.number - 1] = 543;
| 
|   // work around unused variable warnings
|   return (!success || bignum == 0LL || ubignum == 0uLL || newvar[0] == 'x'
| 	  || dynamic_array[ni.number - 1] != 543);
| 
|   ;
|   return 0;
| }
configure:5394: g++ -c   conftest.cpp >&5
conftest.cpp:76:29: error: expected ')'
test_restrict (ccp restrict text)
                            ^
conftest.cpp:76:15: note: to match this '('
test_restrict (ccp restrict text)
              ^
conftest.cpp:81:30: error: use of undeclared identifier 'text'
  for (unsigned int i = 0; *(text+i) != '\0'; ++i)
                             ^
conftest.cpp:130:17: error: expected ';' at end of declaration
  char *restrict newvar = "Another string";
                ^
                ;
conftest.cpp:137:28: error: cannot initialize a variable of type 'struct incomplete_array *' with an rvalue of type 'void *'
  struct incomplete_array *ia =
                           ^
conftest.cpp:156:59: error: use of undeclared identifier 'newvar'
  return (!success || bignum == 0LL || ubignum == 0uLL || newvar[0] == 'x'
                                                          ^
5 errors generated.
configure:5394: $? = 1
configure: failed program was:
| /* confdefs.h */
| #define PACKAGE_NAME "graph-tool"
| #define PACKAGE_TARNAME "graph-tool"
| #define PACKAGE_VERSION "2.2.36"
| #define PACKAGE_STRING "graph-tool 2.2.36"
| #define PACKAGE_BUGREPORT "http://graph-tool.skewed.de/tickets"
| #define PACKAGE_URL "http://graph-tool.skewed.de"
| #define PACKAGE "graph-tool"
| #define VERSION "2.2.36"
| #define STDC_HEADERS 1
| #define HAVE_SYS_TYPES_H 1
| #define HAVE_SYS_STAT_H 1
| #define HAVE_STDLIB_H 1
| #define HAVE_STRING_H 1
| #define HAVE_MEMORY_H 1
| #define HAVE_STRINGS_H 1
| #define HAVE_INTTYPES_H 1
| #define HAVE_STDINT_H 1
| #define HAVE_UNISTD_H 1
| #define __EXTENSIONS__ 1
| #define _ALL_SOURCE 1
| #define _GNU_SOURCE 1
| #define _POSIX_PTHREAD_SEMANTICS 1
| #define _TANDEM_SOURCE 1
| /* end confdefs.h.  */
| #include <stdarg.h>
| #include <stdbool.h>
| #include <stdlib.h>
| #include <wchar.h>
| #include <stdio.h>
| 
| // Check varargs macros.  These examples are taken from C99 6.10.3.5.
| #define debug(...) fprintf (stderr, __VA_ARGS__)
| #define showlist(...) puts (#__VA_ARGS__)
| #define report(test,...) ((test) ? puts (#test) : printf (__VA_ARGS__))
| static void
| test_varargs_macros (void)
| {
|   int x = 1234;
|   int y = 5678;
|   debug ("Flag");
|   debug ("X = %d\n", x);
|   showlist (The first, second, and third items.);
|   report (x>y, "x is %d but y is %d", x, y);
| }
| 
| // Check long long types.
| #define BIG64 18446744073709551615ull
| #define BIG32 4294967295ul
| #define BIG_OK (BIG64 / BIG32 == 4294967297ull && BIG64 % BIG32 == 0)
| #if !BIG_OK
|   your preprocessor is broken;
| #endif
| #if BIG_OK
| #else
|   your preprocessor is broken;
| #endif
| static long long int bignum = -9223372036854775807LL;
| static unsigned long long int ubignum = BIG64;
| 
| struct incomplete_array
| {
|   int datasize;
|   double data[];
| };
| 
| struct named_init {
|   int number;
|   const wchar_t *name;
|   double average;
| };
| 
| typedef const char *ccp;
| 
| static inline int
| test_restrict (ccp restrict text)
| {
|   // See if C++-style comments work.
|   // Iterate through items via the restricted pointer.
|   // Also check for declarations in for loops.
|   for (unsigned int i = 0; *(text+i) != '\0'; ++i)
|     continue;
|   return 0;
| }
| 
| // Check varargs and va_copy.
| static void
| test_varargs (const char *format, ...)
| {
|   va_list args;
|   va_start (args, format);
|   va_list args_copy;
|   va_copy (args_copy, args);
| 
|   const char *str;
|   int number;
|   float fnumber;
| 
|   while (*format)
|     {
|       switch (*format++)
| 	{
| 	case 's': // string
| 	  str = va_arg (args_copy, const char *);
| 	  break;
| 	case 'd': // int
| 	  number = va_arg (args_copy, int);
| 	  break;
| 	case 'f': // float
| 	  fnumber = va_arg (args_copy, double);
| 	  break;
| 	default:
| 	  break;
| 	}
|     }
|   va_end (args_copy);
|   va_end (args);
| }
| 
| int
| main ()
| {
| 
|   // Check bool.
|   _Bool success = false;
| 
|   // Check restrict.
|   if (test_restrict ("String literal") == 0)
|     success = true;
|   char *restrict newvar = "Another string";
| 
|   // Check varargs.
|   test_varargs ("s, d' f .", "string", 65, 34.234);
|   test_varargs_macros ();
| 
|   // Check flexible array members.
|   struct incomplete_array *ia =
|     malloc (sizeof (struct incomplete_array) + (sizeof (double) * 10));
|   ia->datasize = 10;
|   for (int i = 0; i < ia->datasize; ++i)
|     ia->data[i] = i * 1.234;
| 
|   // Check named initializers.
|   struct named_init ni = {
|     .number = 34,
|     .name = L"Test wide string",
|     .average = 543.34343,
|   };
| 
|   ni.number = 58;
| 
|   int dynamic_array[ni.number];
|   dynamic_array[ni.number - 1] = 543;
| 
|   // work around unused variable warnings
|   return (!success || bignum == 0LL || ubignum == 0uLL || newvar[0] == 'x'
| 	  || dynamic_array[ni.number - 1] != 543);
| 
|   ;
|   return 0;
| }
configure:5394: g++ -c   conftest.cpp >&5
conftest.cpp:76:29: error: expected ')'
test_restrict (ccp restrict text)
                            ^
conftest.cpp:76:15: note: to match this '('
test_restrict (ccp restrict text)
              ^
conftest.cpp:81:30: error: use of undeclared identifier 'text'
  for (unsigned int i = 0; *(text+i) != '\0'; ++i)
                             ^
conftest.cpp:130:17: error: expected ';' at end of declaration
  char *restrict newvar = "Another string";
                ^
                ;
conftest.cpp:137:28: error: cannot initialize a variable of type 'struct incomplete_array *' with an rvalue of type 'void *'
  struct incomplete_array *ia =
                           ^
conftest.cpp:156:59: error: use of undeclared identifier 'newvar'
  return (!success || bignum == 0LL || ubignum == 0uLL || newvar[0] == 'x'
                                                          ^
5 errors generated.
configure:5394: $? = 1
configure: failed program was:
| /* confdefs.h */
| #define PACKAGE_NAME "graph-tool"
| #define PACKAGE_TARNAME "graph-tool"
| #define PACKAGE_VERSION "2.2.36"
| #define PACKAGE_STRING "graph-tool 2.2.36"
| #define PACKAGE_BUGREPORT "http://graph-tool.skewed.de/tickets"
| #define PACKAGE_URL "http://graph-tool.skewed.de"
| #define PACKAGE "graph-tool"
| #define VERSION "2.2.36"
| #define STDC_HEADERS 1
| #define HAVE_SYS_TYPES_H 1
| #define HAVE_SYS_STAT_H 1
| #define HAVE_STDLIB_H 1
| #define HAVE_STRING_H 1
| #define HAVE_MEMORY_H 1
| #define HAVE_STRINGS_H 1
| #define HAVE_INTTYPES_H 1
| #define HAVE_STDINT_H 1
| #define HAVE_UNISTD_H 1
| #define __EXTENSIONS__ 1
| #define _ALL_SOURCE 1
| #define _GNU_SOURCE 1
| #define _POSIX_PTHREAD_SEMANTICS 1
| #define _TANDEM_SOURCE 1
| /* end confdefs.h.  */
| #include <stdarg.h>
| #include <stdbool.h>
| #include <stdlib.h>
| #include <wchar.h>
| #include <stdio.h>
| 
| // Check varargs macros.  These examples are taken from C99 6.10.3.5.
| #define debug(...) fprintf (stderr, __VA_ARGS__)
| #define showlist(...) puts (#__VA_ARGS__)
| #define report(test,...) ((test) ? puts (#test) : printf (__VA_ARGS__))
| static void
| test_varargs_macros (void)
| {
|   int x = 1234;
|   int y = 5678;
|   debug ("Flag");
|   debug ("X = %d\n", x);
|   showlist (The first, second, and third items.);
|   report (x>y, "x is %d but y is %d", x, y);
| }
| 
| // Check long long types.
| #define BIG64 18446744073709551615ull
| #define BIG32 4294967295ul
| #define BIG_OK (BIG64 / BIG32 == 4294967297ull && BIG64 % BIG32 == 0)
| #if !BIG_OK
|   your preprocessor is broken;
| #endif
| #if BIG_OK
| #else
|   your preprocessor is broken;
| #endif
| static long long int bignum = -9223372036854775807LL;
| static unsigned long long int ubignum = BIG64;
| 
| struct incomplete_array
| {
|   int datasize;
|   double data[];
| };
| 
| struct named_init {
|   int number;
|   const wchar_t *name;
|   double average;
| };
| 
| typedef const char *ccp;
| 
| static inline int
| test_restrict (ccp restrict text)
| {
|   // See if C++-style comments work.
|   // Iterate through items via the restricted pointer.
|   // Also check for declarations in for loops.
|   for (unsigned int i = 0; *(text+i) != '\0'; ++i)
|     continue;
|   return 0;
| }
| 
| // Check varargs and va_copy.
| static void
| test_varargs (const char *format, ...)
| {
|   va_list args;
|   va_start (args, format);
|   va_list args_copy;
|   va_copy (args_copy, args);
| 
|   const char *str;
|   int number;
|   float fnumber;
| 
|   while (*format)
|     {
|       switch (*format++)
| 	{
| 	case 's': // string
| 	  str = va_arg (args_copy, const char *);
| 	  break;
| 	case 'd': // int
| 	  number = va_arg (args_copy, int);
| 	  break;
| 	case 'f': // float
| 	  fnumber = va_arg (args_copy, double);
| 	  break;
| 	default:
| 	  break;
| 	}
|     }
|   va_end (args_copy);
|   va_end (args);
| }
| 
| int
| main ()
| {
| 
|   // Check bool.
|   _Bool success = false;
| 
|   // Check restrict.
|   if (test_restrict ("String literal") == 0)
|     success = true;
|   char *restrict newvar = "Another string";
| 
|   // Check varargs.
|   test_varargs ("s, d' f .", "string", 65, 34.234);
|   test_varargs_macros ();
| 
|   // Check flexible array members.
|   struct incomplete_array *ia =
|     malloc (sizeof (struct incomplete_array) + (sizeof (double) * 10));
|   ia->datasize = 10;
|   for (int i = 0; i < ia->datasize; ++i)
|     ia->data[i] = i * 1.234;
| 
|   // Check named initializers.
|   struct named_init ni = {
|     .number = 34,
|     .name = L"Test wide string",
|     .average = 543.34343,
|   };
| 
|   ni.number = 58;
| 
|   int dynamic_array[ni.number];
|   dynamic_array[ni.number - 1] = 543;
| 
|   // work around unused variable warnings
|   return (!success || bignum == 0LL || ubignum == 0uLL || newvar[0] == 'x'
| 	  || dynamic_array[ni.number - 1] != 543);
| 
|   ;
|   return 0;
| }
configure:5394: g++ -c   conftest.cpp >&5
conftest.cpp:76:29: error: expected ')'
test_restrict (ccp restrict text)
                            ^
conftest.cpp:76:15: note: to match this '('
test_restrict (ccp restrict text)
              ^
conftest.cpp:81:30: error: use of undeclared identifier 'text'
  for (unsigned int i = 0; *(text+i) != '\0'; ++i)
                             ^
conftest.cpp:130:17: error: expected ';' at end of declaration
  char *restrict newvar = "Another string";
                ^
                ;
conftest.cpp:137:28: error: cannot initialize a variable of type 'struct incomplete_array *' with an rvalue of type 'void *'
  struct incomplete_array *ia =
                           ^
conftest.cpp:156:59: error: use of undeclared identifier 'newvar'
  return (!success || bignum == 0LL || ubignum == 0uLL || newvar[0] == 'x'
                                                          ^
5 errors generated.
configure:5394: $? = 1
configure: failed program was:
| /* confdefs.h */
| #define PACKAGE_NAME "graph-tool"
| #define PACKAGE_TARNAME "graph-tool"
| #define PACKAGE_VERSION "2.2.36"
| #define PACKAGE_STRING "graph-tool 2.2.36"
| #define PACKAGE_BUGREPORT "http://graph-tool.skewed.de/tickets"
| #define PACKAGE_URL "http://graph-tool.skewed.de"
| #define PACKAGE "graph-tool"
| #define VERSION "2.2.36"
| #define STDC_HEADERS 1
| #define HAVE_SYS_TYPES_H 1
| #define HAVE_SYS_STAT_H 1
| #define HAVE_STDLIB_H 1
| #define HAVE_STRING_H 1
| #define HAVE_MEMORY_H 1
| #define HAVE_STRINGS_H 1
| #define HAVE_INTTYPES_H 1
| #define HAVE_STDINT_H 1
| #define HAVE_UNISTD_H 1
| #define __EXTENSIONS__ 1
| #define _ALL_SOURCE 1
| #define _GNU_SOURCE 1
| #define _POSIX_PTHREAD_SEMANTICS 1
| #define _TANDEM_SOURCE 1
| /* end confdefs.h.  */
| #include <stdarg.h>
| #include <stdbool.h>
| #include <stdlib.h>
| #include <wchar.h>
| #include <stdio.h>
| 
| // Check varargs macros.  These examples are taken from C99 6.10.3.5.
| #define debug(...) fprintf (stderr, __VA_ARGS__)
| #define showlist(...) puts (#__VA_ARGS__)
| #define report(test,...) ((test) ? puts (#test) : printf (__VA_ARGS__))
| static void
| test_varargs_macros (void)
| {
|   int x = 1234;
|   int y = 5678;
|   debug ("Flag");
|   debug ("X = %d\n", x);
|   showlist (The first, second, and third items.);
|   report (x>y, "x is %d but y is %d", x, y);
| }
| 
| // Check long long types.
| #define BIG64 18446744073709551615ull
| #define BIG32 4294967295ul
| #define BIG_OK (BIG64 / BIG32 == 4294967297ull && BIG64 % BIG32 == 0)
| #if !BIG_OK
|   your preprocessor is broken;
| #endif
| #if BIG_OK
| #else
|   your preprocessor is broken;
| #endif
| static long long int bignum = -9223372036854775807LL;
| static unsigned long long int ubignum = BIG64;
| 
| struct incomplete_array
| {
|   int datasize;
|   double data[];
| };
| 
| struct named_init {
|   int number;
|   const wchar_t *name;
|   double average;
| };
| 
| typedef const char *ccp;
| 
| static inline int
| test_restrict (ccp restrict text)
| {
|   // See if C++-style comments work.
|   // Iterate through items via the restricted pointer.
|   // Also check for declarations in for loops.
|   for (unsigned int i = 0; *(text+i) != '\0'; ++i)
|     continue;
|   return 0;
| }
| 
| // Check varargs and va_copy.
| static void
| test_varargs (const char *format, ...)
| {
|   va_list args;
|   va_start (args, format);
|   va_list args_copy;
|   va_copy (args_copy, args);
| 
|   const char *str;
|   int number;
|   float fnumber;
| 
|   while (*format)
|     {
|       switch (*format++)
| 	{
| 	case 's': // string
| 	  str = va_arg (args_copy, const char *);
| 	  break;
| 	case 'd': // int
| 	  number = va_arg (args_copy, int);
| 	  break;
| 	case 'f': // float
| 	  fnumber = va_arg (args_copy, double);
| 	  break;
| 	default:
| 	  break;
| 	}
|     }
|   va_end (args_copy);
|   va_end (args);
| }
| 
| int
| main ()
| {
| 
|   // Check bool.
|   _Bool success = false;
| 
|   // Check restrict.
|   if (test_restrict ("String literal") == 0)
|     success = true;
|   char *restrict newvar = "Another string";
| 
|   // Check varargs.
|   test_varargs ("s, d' f .", "string", 65, 34.234);
|   test_varargs_macros ();
| 
|   // Check flexible array members.
|   struct incomplete_array *ia =
|     malloc (sizeof (struct incomplete_array) + (sizeof (double) * 10));
|   ia->datasize = 10;
|   for (int i = 0; i < ia->datasize; ++i)
|     ia->data[i] = i * 1.234;
| 
|   // Check named initializers.
|   struct named_init ni = {
|     .number = 34,
|     .name = L"Test wide string",
|     .average = 543.34343,
|   };
| 
|   ni.number = 58;
| 
|   int dynamic_array[ni.number];
|   dynamic_array[ni.number - 1] = 543;
| 
|   // work around unused variable warnings
|   return (!success || bignum == 0LL || ubignum == 0uLL || newvar[0] == 'x'
| 	  || dynamic_array[ni.number - 1] != 543);
| 
|   ;
|   return 0;
| }
configure:5394: g++ -c   conftest.cpp >&5
conftest.cpp:76:29: error: expected ')'
test_restrict (ccp restrict text)
                            ^
conftest.cpp:76:15: note: to match this '('
test_restrict (ccp restrict text)
              ^
conftest.cpp:81:30: error: use of undeclared identifier 'text'
  for (unsigned int i = 0; *(text+i) != '\0'; ++i)
                             ^
conftest.cpp:130:17: error: expected ';' at end of declaration
  char *restrict newvar = "Another string";
                ^
                ;
conftest.cpp:137:28: error: cannot initialize a variable of type 'struct incomplete_array *' with an rvalue of type 'void *'
  struct incomplete_array *ia =
                           ^
conftest.cpp:156:59: error: use of undeclared identifier 'newvar'
  return (!success || bignum == 0LL || ubignum == 0uLL || newvar[0] == 'x'
                                                          ^
5 errors generated.
configure:5394: $? = 1
configure: failed program was:
| /* confdefs.h */
| #define PACKAGE_NAME "graph-tool"
| #define PACKAGE_TARNAME "graph-tool"
| #define PACKAGE_VERSION "2.2.36"
| #define PACKAGE_STRING "graph-tool 2.2.36"
| #define PACKAGE_BUGREPORT "http://graph-tool.skewed.de/tickets"
| #define PACKAGE_URL "http://graph-tool.skewed.de"
| #define PACKAGE "graph-tool"
| #define VERSION "2.2.36"
| #define STDC_HEADERS 1
| #define HAVE_SYS_TYPES_H 1
| #define HAVE_SYS_STAT_H 1
| #define HAVE_STDLIB_H 1
| #define HAVE_STRING_H 1
| #define HAVE_MEMORY_H 1
| #define HAVE_STRINGS_H 1
| #define HAVE_INTTYPES_H 1
| #define HAVE_STDINT_H 1
| #define HAVE_UNISTD_H 1
| #define __EXTENSIONS__ 1
| #define _ALL_SOURCE 1
| #define _GNU_SOURCE 1
| #define _POSIX_PTHREAD_SEMANTICS 1
| #define _TANDEM_SOURCE 1
| /* end confdefs.h.  */
| #include <stdarg.h>
| #include <stdbool.h>
| #include <stdlib.h>
| #include <wchar.h>
| #include <stdio.h>
| 
| // Check varargs macros.  These examples are taken from C99 6.10.3.5.
| #define debug(...) fprintf (stderr, __VA_ARGS__)
| #define showlist(...) puts (#__VA_ARGS__)
| #define report(test,...) ((test) ? puts (#test) : printf (__VA_ARGS__))
| static void
| test_varargs_macros (void)
| {
|   int x = 1234;
|   int y = 5678;
|   debug ("Flag");
|   debug ("X = %d\n", x);
|   showlist (The first, second, and third items.);
|   report (x>y, "x is %d but y is %d", x, y);
| }
| 
| // Check long long types.
| #define BIG64 18446744073709551615ull
| #define BIG32 4294967295ul
| #define BIG_OK (BIG64 / BIG32 == 4294967297ull && BIG64 % BIG32 == 0)
| #if !BIG_OK
|   your preprocessor is broken;
| #endif
| #if BIG_OK
| #else
|   your preprocessor is broken;
| #endif
| static long long int bignum = -9223372036854775807LL;
| static unsigned long long int ubignum = BIG64;
| 
| struct incomplete_array
| {
|   int datasize;
|   double data[];
| };
| 
| struct named_init {
|   int number;
|   const wchar_t *name;
|   double average;
| };
| 
| typedef const char *ccp;
| 
| static inline int
| test_restrict (ccp restrict text)
| {
|   // See if C++-style comments work.
|   // Iterate through items via the restricted pointer.
|   // Also check for declarations in for loops.
|   for (unsigned int i = 0; *(text+i) != '\0'; ++i)
|     continue;
|   return 0;
| }
| 
| // Check varargs and va_copy.
| static void
| test_varargs (const char *format, ...)
| {
|   va_list args;
|   va_start (args, format);
|   va_list args_copy;
|   va_copy (args_copy, args);
| 
|   const char *str;
|   int number;
|   float fnumber;
| 
|   while (*format)
|     {
|       switch (*format++)
| 	{
| 	case 's': // string
| 	  str = va_arg (args_copy, const char *);
| 	  break;
| 	case 'd': // int
| 	  number = va_arg (args_copy, int);
| 	  break;
| 	case 'f': // float
| 	  fnumber = va_arg (args_copy, double);
| 	  break;
| 	default:
| 	  break;
| 	}
|     }
|   va_end (args_copy);
|   va_end (args);
| }
| 
| int
| main ()
| {
| 
|   // Check bool.
|   _Bool success = false;
| 
|   // Check restrict.
|   if (test_restrict ("String literal") == 0)
|     success = true;
|   char *restrict newvar = "Another string";
| 
|   // Check varargs.
|   test_varargs ("s, d' f .", "string", 65, 34.234);
|   test_varargs_macros ();
| 
|   // Check flexible array members.
|   struct incomplete_array *ia =
|     malloc (sizeof (struct incomplete_array) + (sizeof (double) * 10));
|   ia->datasize = 10;
|   for (int i = 0; i < ia->datasize; ++i)
|     ia->data[i] = i * 1.234;
| 
|   // Check named initializers.
|   struct named_init ni = {
|     .number = 34,
|     .name = L"Test wide string",
|     .average = 543.34343,
|   };
| 
|   ni.number = 58;
| 
|   int dynamic_array[ni.number];
|   dynamic_array[ni.number - 1] = 543;
| 
|   // work around unused variable warnings
|   return (!success || bignum == 0LL || ubignum == 0uLL || newvar[0] == 'x'
| 	  || dynamic_array[ni.number - 1] != 543);
| 
|   ;
|   return 0;
| }
configure:5410: result: unsupported
configure:5420: checking for gcc option to accept ISO C89
configure:5496: result: none needed
configure:5515: checking for gcc option to accept ISO Standard C
configure:5526: result: none needed
configure:5539: checking how to run the C++ preprocessor
configure:5566: g++ -E  conftest.cpp
configure:5566: $? = 0
configure:5580: g++ -E  conftest.cpp
conftest.cpp:26:10: fatal error: 'ac_nonexistent.h' file not found
#include <ac_nonexistent.h>
         ^
1 error generated.
configure:5580: $? = 1
configure: failed program was:
| /* confdefs.h */
| #define PACKAGE_NAME "graph-tool"
| #define PACKAGE_TARNAME "graph-tool"
| #define PACKAGE_VERSION "2.2.36"
| #define PACKAGE_STRING "graph-tool 2.2.36"
| #define PACKAGE_BUGREPORT "http://graph-tool.skewed.de/tickets"
| #define PACKAGE_URL "http://graph-tool.skewed.de"
| #define PACKAGE "graph-tool"
| #define VERSION "2.2.36"
| #define STDC_HEADERS 1
| #define HAVE_SYS_TYPES_H 1
| #define HAVE_SYS_STAT_H 1
| #define HAVE_STDLIB_H 1
| #define HAVE_STRING_H 1
| #define HAVE_MEMORY_H 1
| #define HAVE_STRINGS_H 1
| #define HAVE_INTTYPES_H 1
| #define HAVE_STDINT_H 1
| #define HAVE_UNISTD_H 1
| #define __EXTENSIONS__ 1
| #define _ALL_SOURCE 1
| #define _GNU_SOURCE 1
| #define _POSIX_PTHREAD_SEMANTICS 1
| #define _TANDEM_SOURCE 1
| /* end confdefs.h.  */
| #include <ac_nonexistent.h>
configure:5605: result: g++ -E
configure:5625: g++ -E  conftest.cpp
configure:5625: $? = 0
configure:5639: g++ -E  conftest.cpp
conftest.cpp:26:10: fatal error: 'ac_nonexistent.h' file not found
#include <ac_nonexistent.h>
         ^
1 error generated.
configure:5639: $? = 1
configure: failed program was:
| /* confdefs.h */
| #define PACKAGE_NAME "graph-tool"
| #define PACKAGE_TARNAME "graph-tool"
| #define PACKAGE_VERSION "2.2.36"
| #define PACKAGE_STRING "graph-tool 2.2.36"
| #define PACKAGE_BUGREPORT "http://graph-tool.skewed.de/tickets"
| #define PACKAGE_URL "http://graph-tool.skewed.de"
| #define PACKAGE "graph-tool"
| #define VERSION "2.2.36"
| #define STDC_HEADERS 1
| #define HAVE_SYS_TYPES_H 1
| #define HAVE_SYS_STAT_H 1
| #define HAVE_STDLIB_H 1
| #define HAVE_STRING_H 1
| #define HAVE_MEMORY_H 1
| #define HAVE_STRINGS_H 1
| #define HAVE_INTTYPES_H 1
| #define HAVE_STDINT_H 1
| #define HAVE_UNISTD_H 1
| #define __EXTENSIONS__ 1
| #define _ALL_SOURCE 1
| #define _GNU_SOURCE 1
| #define _POSIX_PTHREAD_SEMANTICS 1
| #define _TANDEM_SOURCE 1
| /* end confdefs.h.  */
| #include <ac_nonexistent.h>
configure:5668: checking for ANSI C header files
configure:5772: result: yes
configure:5840: checking build system type
configure:5854: result: x86_64-apple-darwin14.0.0
configure:5874: checking host system type
configure:5887: result: x86_64-apple-darwin14.0.0
configure:5928: checking how to print strings
configure:5955: result: printf
configure:5976: checking for a sed that does not truncate output
configure:6040: result: /usr/bin/sed
configure:6058: checking for fgrep
configure:6120: result: /usr/bin/grep -F
configure:6155: checking for ld used by gcc
configure:6222: result: /Applications/Xcode.app/Contents/Developer/Toolchains/XcodeDefault.xctoolchain/usr/bin/ld
configure:6229: checking if the linker (/Applications/Xcode.app/Contents/Developer/Toolchains/XcodeDefault.xctoolchain/usr/bin/ld) is GNU ld
configure:6244: result: no
configure:6256: checking for BSD- or MS-compatible name lister (nm)
configure:6310: result: /usr/bin/nm
configure:6440: checking the name lister (/usr/bin/nm) interface
configure:6447: g++ -c   conftest.cpp >&5
configure:6450: /usr/bin/nm "conftest.o"
configure:6453: output
0000000000000000 S _some_variable
configure:6460: result: BSD nm
configure:6463: checking whether ln -s works
configure:6467: result: yes
configure:6475: checking the maximum length of command line arguments
configure:6606: result: 196608
configure:6654: checking how to convert x86_64-apple-darwin14.0.0 file names to x86_64-apple-darwin14.0.0 format
configure:6694: result: func_convert_file_noop
configure:6701: checking how to convert x86_64-apple-darwin14.0.0 file names to toolchain format
configure:6721: result: func_convert_file_noop
configure:6728: checking for /Applications/Xcode.app/Contents/Developer/Toolchains/XcodeDefault.xctoolchain/usr/bin/ld option to reload object files
configure:6735: result: -r
configure:6809: checking for objdump
configure:6839: result: no
configure:6868: checking how to recognize dependent libraries
configure:7068: result: pass_all
configure:7153: checking for dlltool
configure:7183: result: no
configure:7213: checking how to associate runtime and link libraries
configure:7240: result: printf %s\n
configure:7300: checking for ar
configure:7316: found /usr/bin/ar
configure:7327: result: ar
configure:7364: checking for archiver @FILE support
configure:7381: g++ -c   conftest.cpp >&5
configure:7381: $? = 0
configure:7384: ar cru libconftest.a @conftest.lst >&5
ar: @conftest.lst: No such file or directory
configure:7387: $? = 1
configure:7407: result: no
configure:7465: checking for strip
configure:7481: found /usr/bin/strip
configure:7492: result: strip
configure:7564: checking for ranlib
configure:7580: found /usr/bin/ranlib
configure:7591: result: ranlib
configure:7693: checking command to parse /usr/bin/nm output from gcc object
configure:7846: g++ -c   conftest.cpp >&5
configure:7849: $? = 0
configure:7853: /usr/bin/nm conftest.o \| sed -n -e 's/^.*[ ]\([BCDEGRST][BCDEGRST]*\)[ ][ ]*\([_A-Za-z][_A-Za-z0-9]*\)$/\1 \2 \2/p' | sed '/ __gnu_lto/d' \> conftest.nm
configure:7856: $? = 0
cannot find nm_test_var in conftest.nm
configure:7846: g++ -c   conftest.cpp >&5
configure:7849: $? = 0
configure:7853: /usr/bin/nm conftest.o \| sed -n -e 's/^.*[ ]\([BCDEGRST][BCDEGRST]*\)[ ][ ]*_\([_A-Za-z][_A-Za-z0-9]*\)$/\1 _\2 \2/p' | sed '/ __gnu_lto/d' \> conftest.nm
configure:7856: $? = 0
configure:7922: g++ -o conftest   -L/usr/local/bin/python/lib conftest.cpp conftstm.o >&5
ld: warning: directory not found for option '-L/usr/local/bin/python/lib'
configure:7925: $? = 0
configure:7963: result: ok
configure:8010: checking for sysroot
configure:8040: result: no
configure:8047: checking for a working dd
configure:8085: result: /bin/dd
configure:8089: checking how to truncate binary pipes
configure:8104: result: /bin/dd bs=4096 count=1
configure:8418: checking for mt
configure:8448: result: no
configure:8468: checking if : is a manifest tool
configure:8474: : '-?'
configure:8482: result: no
configure:8538: checking for dsymutil
configure:8554: found /usr/bin/dsymutil
configure:8565: result: dsymutil
configure:8630: checking for nmedit
configure:8646: found /usr/bin/nmedit
configure:8657: result: nmedit
configure:8722: checking for lipo
configure:8738: found /usr/bin/lipo
configure:8749: result: lipo
configure:8814: checking for otool
configure:8830: found /usr/bin/otool
configure:8841: result: otool
configure:8906: checking for otool64
configure:8936: result: no
configure:8981: checking for -single_module linker flag
gcc -g -O2 -L/usr/local/bin/python/lib -o libconftest.dylib -dynamiclib -Wl,-single_module conftest.c
configure:9014: result: yes
configure:9017: checking for -exported_symbols_list linker flag
configure:9037: g++ -o conftest   -L/usr/local/bin/python/lib -Wl,-exported_symbols_list,conftest.sym conftest.cpp  >&5
ld: warning: directory not found for option '-L/usr/local/bin/python/lib'
configure:9037: $? = 0
configure:9047: result: yes
configure:9050: checking for -force_load linker flag
gcc -g -O2 -c -o conftest.o conftest.c
ar cru libconftest.a conftest.o
ranlib libconftest.a
gcc -g -O2 -L/usr/local/bin/python/lib -o conftest conftest.c -Wl,-force_load,./libconftest.a
configure:9082: result: yes
configure:9121: checking for dlfcn.h
configure:9121: g++ -c   conftest.cpp >&5
configure:9121: $? = 0
configure:9121: result: yes
configure:9357: checking for objdir
configure:9372: result: .libs
configure:9639: checking if gcc supports -fno-rtti -fno-exceptions
configure:9657: gcc -c -g -O2  -fno-rtti -fno-exceptions conftest.c >&5
configure:9661: $? = 0
configure:9674: result: yes
configure:10032: checking for gcc option to produce PIC
configure:10039: result: -fno-common -DPIC
configure:10047: checking if gcc PIC flag -fno-common -DPIC works
configure:10065: gcc -c -g -O2  -fno-common -DPIC -DPIC conftest.c >&5
configure:10069: $? = 0
configure:10082: result: yes
configure:10111: checking if gcc static flag -static works
configure:10139: result: no
configure:10154: checking if gcc supports -c -o file.o
configure:10175: gcc -c -g -O2  -o out/conftest2.o conftest.c >&5
configure:10179: $? = 0
configure:10201: result: yes
configure:10209: checking if gcc supports -c -o file.o
configure:10256: result: yes
configure:10289: checking whether the gcc linker (/Applications/Xcode.app/Contents/Developer/Toolchains/XcodeDefault.xctoolchain/usr/bin/ld) supports shared libraries
configure:11548: result: yes
configure:11788: checking dynamic linker characteristics
configure:12597: result: darwin14.0.0 dyld
configure:12704: checking how to hardcode library paths into programs
configure:12729: result: immediate
configure:13277: checking whether stripping libraries is possible
configure:13291: result: yes
configure:13317: checking if libtool supports shared libraries
configure:13319: result: yes
configure:13322: checking whether to build shared libraries
configure:13347: result: yes
configure:13350: checking whether to build static libraries
configure:13354: result: no
configure:13377: checking how to run the C++ preprocessor
configure:13443: result: g++ -E
configure:13463: g++ -E  conftest.cpp
configure:13463: $? = 0
configure:13477: g++ -E  conftest.cpp
conftest.cpp:29:10: fatal error: 'ac_nonexistent.h' file not found
#include <ac_nonexistent.h>
         ^
1 error generated.
configure:13477: $? = 1
configure: failed program was:
| /* confdefs.h */
| #define PACKAGE_NAME "graph-tool"
| #define PACKAGE_TARNAME "graph-tool"
| #define PACKAGE_VERSION "2.2.36"
| #define PACKAGE_STRING "graph-tool 2.2.36"
| #define PACKAGE_BUGREPORT "http://graph-tool.skewed.de/tickets"
| #define PACKAGE_URL "http://graph-tool.skewed.de"
| #define PACKAGE "graph-tool"
| #define VERSION "2.2.36"
| #define STDC_HEADERS 1
| #define HAVE_SYS_TYPES_H 1
| #define HAVE_SYS_STAT_H 1
| #define HAVE_STDLIB_H 1
| #define HAVE_STRING_H 1
| #define HAVE_MEMORY_H 1
| #define HAVE_STRINGS_H 1
| #define HAVE_INTTYPES_H 1
| #define HAVE_STDINT_H 1
| #define HAVE_UNISTD_H 1
| #define __EXTENSIONS__ 1
| #define _ALL_SOURCE 1
| #define _GNU_SOURCE 1
| #define _POSIX_PTHREAD_SEMANTICS 1
| #define _TANDEM_SOURCE 1
| #define STDC_HEADERS 1
| #define HAVE_DLFCN_H 1
| #define LT_OBJDIR ".libs/"
| /* end confdefs.h.  */
| #include <ac_nonexistent.h>
configure:13646: checking for ld used by g++
configure:13713: result: /Applications/Xcode.app/Contents/Developer/Toolchains/XcodeDefault.xctoolchain/usr/bin/ld
configure:13720: checking if the linker (/Applications/Xcode.app/Contents/Developer/Toolchains/XcodeDefault.xctoolchain/usr/bin/ld) is GNU ld
configure:13735: result: no
configure:13790: checking whether the g++ linker (/Applications/Xcode.app/Contents/Developer/Toolchains/XcodeDefault.xctoolchain/usr/bin/ld) supports shared libraries
configure:14863: result: yes
configure:14899: g++ -c   conftest.cpp >&5
configure:14902: $? = 0
configure:15428: checking for g++ option to produce PIC
configure:15435: result: -fno-common -DPIC
configure:15443: checking if g++ PIC flag -fno-common -DPIC works
configure:15461: g++ -c   -fno-common -DPIC -DPIC conftest.cpp >&5
configure:15465: $? = 0
configure:15478: result: yes
configure:15501: checking if g++ static flag -static works
configure:15529: result: no
configure:15541: checking if g++ supports -c -o file.o
configure:15562: g++ -c   -o out/conftest2.o conftest.cpp >&5
configure:15566: $? = 0
configure:15588: result: yes
configure:15593: checking if g++ supports -c -o file.o
configure:15640: result: yes
configure:15670: checking whether the g++ linker (/Applications/Xcode.app/Contents/Developer/Toolchains/XcodeDefault.xctoolchain/usr/bin/ld) supports shared libraries
configure:15710: result: yes
configure:15851: checking dynamic linker characteristics
configure:16587: result: darwin14.0.0 dyld
configure:16640: checking how to hardcode library paths into programs
configure:16665: result: immediate
configure:16727: checking target system type
configure:16740: result: x86_64-apple-darwin14.0.0
configure:16770: checking whether to enable debug info...
configure:16790: result: no
configure:16798: checking whether C++ compiler supports -std=gnu++11
configure:16811: g++ -c -Wall -Wextra -Wno-unused-local-typedefs -Wno-unused-parameter  -DNDEBUG -std=gnu++11  conftest.cpp >&5
warning: unknown warning option '-Wno-unused-local-typedefs' [-Wunknown-warning-option]
1 warning generated.
configure:16811: $? = 0
configure:16812: result: yes
configure:16825: checking whether to enable function inlining...
configure:16845: result: yes
configure:16860: checking whether to enable optimizations...
configure:16876: result: yes
configure:16882: checking whether to enable symbol visibility manipulation...
configure:16898: result: yes
configure:16921: checking whether to enable parallel algorithms with openmp...
configure:16942: result: no
configure:16950: checking whether to enable cairo drawing...
configure:16964: result: yes
configure:16976: checking for main in -lm
configure:16995: g++ -o conftest -Wall -Wextra -Wno-unused-local-typedefs -Wno-unused-parameter  -DNDEBUG -std=gnu++11 -ftemplate-depth-250 -Wno-deprecated -Wno-unknown-pragmas -O3 -fvisibility=default -fvisibility-inlines-hidden -Wno-unknown-pragmas  -L/usr/local/bin/python/lib conftest.cpp -lm   >&5
warning: unknown warning option '-Wno-unused-local-typedefs' [-Wunknown-warning-option]
1 warning generated.
ld: warning: directory not found for option '-L/usr/local/bin/python/lib'
configure:16995: $? = 0
configure:17004: result: yes
configure:17016: checking for main in -lbz2
configure:17035: g++ -o conftest -Wall -Wextra -Wno-unused-local-typedefs -Wno-unused-parameter  -DNDEBUG -std=gnu++11 -ftemplate-depth-250 -Wno-deprecated -Wno-unknown-pragmas -O3 -fvisibility=default -fvisibility-inlines-hidden -Wno-unknown-pragmas  -L/usr/local/bin/python/lib conftest.cpp -lbz2  -lm  >&5
warning: unknown warning option '-Wno-unused-local-typedefs' [-Wunknown-warning-option]
1 warning generated.
ld: warning: directory not found for option '-L/usr/local/bin/python/lib'
configure:17035: $? = 0
configure:17044: result: yes
configure:17056: checking for main in -lexpat
configure:17075: g++ -o conftest -Wall -Wextra -Wno-unused-local-typedefs -Wno-unused-parameter  -DNDEBUG -std=gnu++11 -ftemplate-depth-250 -Wno-deprecated -Wno-unknown-pragmas -O3 -fvisibility=default -fvisibility-inlines-hidden -Wno-unknown-pragmas  -L/usr/local/bin/python/lib conftest.cpp -lexpat  -lbz2 -lm  >&5
warning: unknown warning option '-Wno-unused-local-typedefs' [-Wunknown-warning-option]
1 warning generated.
ld: warning: directory not found for option '-L/usr/local/bin/python/lib'
configure:17075: $? = 0
configure:17084: result: yes
configure:17134: checking for a Python interpreter with version >= 2.6
configure:17151: python -c import sys # split strings by '.' and convert to numeric. Append some zeros # because we need at least 4 digits for the hex conversion. # map returns an iterator in Python 3.0 and a list in 2.x minver = list(map(int, '2.6'.split('.'))) + [0, 0, 0] minverhex = 0 # xrange is not present in Python 3.0 and range returns an iterator for i in list(range(0, 4)): minverhex = (minverhex << 8) + minver[i] sys.exit(sys.hexversion < minverhex)
configure:17154: $? = 0
configure:17160: result: python
configure:17168: checking for python
configure:17186: found /Users/Matt/Library/Enthought/Canopy_64bit/User/bin/python
configure:17198: result: /Users/Matt/Library/Enthought/Canopy_64bit/User/bin/python
configure:17216: checking for python version
configure:17223: result: 2.7
configure:17235: checking for python platform
configure:17242: result: darwin
configure:17268: checking for python script directory
configure:17303: result: ${prefix}/lib/python2.7/site-packages
configure:17312: checking for python extension module directory
configure:17347: result: ${exec_prefix}/lib/python2.7/site-packages
configure:17372: checking for python2.7
configure:17402: result: /Users/Matt/Library/Enthought/Canopy_64bit/User/bin/python
configure:17418: checking for a version of Python >= '2.1.0'
configure:17444: result: yes
configure:17452: checking for a version of Python == '2.7.3'
configure:17458: result: yes
configure:17475: checking for the distutils Python package
configure:17479: result: yes
configure:17493: checking for Python include path
configure:17509: result: -I/Applications/Canopy.app/appdata/canopy-1.1.0.1371.macosx-x86_64/Canopy.app/Contents/include/python2.7
configure:17516: checking for Python library path
configure:17593: result: -L/Applications/Canopy.app/appdata/canopy-1.1.0.1371.macosx-x86_64/Canopy.app/Contents/lib -lpython2.7
configure:17600: checking for Python site-packages path
configure:17606: result: /Users/Matt/Library/Enthought/Canopy_64bit/User/lib/python2.7/site-packages
configure:17613: checking python extra libraries
configure:17620: result: -ldl  -framework CoreFoundation 
configure:17627: checking python extra linking flags
configure:17634: result: -u _PyMac_Error Python.framework/Versions/2.0.0.dev1-a8c3646/Python
configure:17641: checking consistency of all components of python development environment
configure:17667: gcc -o conftest -g -O2  -I/Applications/Canopy.app/appdata/canopy-1.1.0.1371.macosx-x86_64/Canopy.app/Contents/include/python2.7 -L/usr/local/bin/python/lib conftest.c -lexpat -lbz2 -lm  -L/Applications/Canopy.app/appdata/canopy-1.1.0.1371.macosx-x86_64/Canopy.app/Contents/lib -lpython2.7 -u _PyMac_Error Python.framework/Versions/2.0.0.dev1-a8c3646/Python -ldl  -framework CoreFoundation  >&5
clang: error: no such file or directory: 'Python.framework/Versions/2.0.0.dev1-a8c3646/Python'
configure:17667: $? = 1
configure: failed program was:
| /* confdefs.h */
| #define PACKAGE_NAME "graph-tool"
| #define PACKAGE_TARNAME "graph-tool"
| #define PACKAGE_VERSION "2.2.36"
| #define PACKAGE_STRING "graph-tool 2.2.36"
| #define PACKAGE_BUGREPORT "http://graph-tool.skewed.de/tickets"
| #define PACKAGE_URL "http://graph-tool.skewed.de"
| #define PACKAGE "graph-tool"
| #define VERSION "2.2.36"
| #define STDC_HEADERS 1
| #define HAVE_SYS_TYPES_H 1
| #define HAVE_SYS_STAT_H 1
| #define HAVE_STDLIB_H 1
| #define HAVE_STRING_H 1
| #define HAVE_MEMORY_H 1
| #define HAVE_STRINGS_H 1
| #define HAVE_INTTYPES_H 1
| #define HAVE_STDINT_H 1
| #define HAVE_UNISTD_H 1
| #define __EXTENSIONS__ 1
| #define _ALL_SOURCE 1
| #define _GNU_SOURCE 1
| #define _POSIX_PTHREAD_SEMANTICS 1
| #define _TANDEM_SOURCE 1
| #define STDC_HEADERS 1
| #define HAVE_DLFCN_H 1
| #define LT_OBJDIR ".libs/"
| #define HAVE_LIBM 1
| #define HAVE_LIBBZ2 1
| #define HAVE_LIBEXPAT 1
| #define HAVE_PYTHON "2.7"
| /* end confdefs.h.  */
| 
| 		#include <Python.h>
| int
| main ()
| {
| Py_Initialize();
|   ;
|   return 0;
| }
| 
configure:17684: result: no
configure:17688: error: in `/Users/Matt/Documents/Python/Knotting/Github/Evolutionary-Algorithms-for-Knot-Theory/Python/graph-tool-2.2.36':
configure:17690: error: 
  Could not link test program to Python. Maybe the main Python library has been
  installed in some non-standard library path. If so, pass it to configure,
  via the LDFLAGS environment variable.
  Example: ./configure LDFLAGS="-L/usr/non-standard-path/python/lib"
  ============================================================================
   ERROR!
   You probably have to install the development version of the Python package
   for your distribution.  The exact name of this package varies among them.
  ============================================================================

See `config.log' for more details

## ---------------- ##
## Cache variables. ##
## ---------------- ##

ac_cv_build=x86_64-apple-darwin14.0.0
ac_cv_c_compiler_gnu=yes
ac_cv_cxx_compiler_gnu=yes
ac_cv_env_CAIROMM_CFLAGS_set=
ac_cv_env_CAIROMM_CFLAGS_value=
ac_cv_env_CAIROMM_LIBS_set=
ac_cv_env_CAIROMM_LIBS_value=
ac_cv_env_CCC_set=
ac_cv_env_CCC_value=
ac_cv_env_CC_set=
ac_cv_env_CC_value=
ac_cv_env_CFLAGS_set=
ac_cv_env_CFLAGS_value=
ac_cv_env_CPPFLAGS_set=
ac_cv_env_CPPFLAGS_value=
ac_cv_env_CPP_set=
ac_cv_env_CPP_value=
ac_cv_env_CXXCPP_set=
ac_cv_env_CXXCPP_value=
ac_cv_env_CXXFLAGS_set=
ac_cv_env_CXXFLAGS_value=
ac_cv_env_CXX_set=
ac_cv_env_CXX_value=
ac_cv_env_LDFLAGS_set=set
ac_cv_env_LDFLAGS_value=-L/usr/local/bin/python/lib
ac_cv_env_LIBS_set=
ac_cv_env_LIBS_value=
ac_cv_env_PKG_CONFIG_LIBDIR_set=
ac_cv_env_PKG_CONFIG_LIBDIR_value=
ac_cv_env_PKG_CONFIG_PATH_set=
ac_cv_env_PKG_CONFIG_PATH_value=
ac_cv_env_PKG_CONFIG_set=
ac_cv_env_PKG_CONFIG_value=
ac_cv_env_PYTHON_VERSION_set=
ac_cv_env_PYTHON_VERSION_value=
ac_cv_env_PYTHON_set=
ac_cv_env_PYTHON_value=
ac_cv_env_SPARSEHASH_CFLAGS_set=
ac_cv_env_SPARSEHASH_CFLAGS_value=
ac_cv_env_SPARSEHASH_LIBS_set=
ac_cv_env_SPARSEHASH_LIBS_value=
ac_cv_env_build_alias_set=
ac_cv_env_build_alias_value=
ac_cv_env_host_alias_set=
ac_cv_env_host_alias_value=
ac_cv_env_target_alias_set=
ac_cv_env_target_alias_value=
ac_cv_header_dlfcn_h=yes
ac_cv_header_inttypes_h=yes
ac_cv_header_memory_h=yes
ac_cv_header_minix_config_h=no
ac_cv_header_stdc=yes
ac_cv_header_stdint_h=yes
ac_cv_header_stdlib_h=yes
ac_cv_header_string_h=yes
ac_cv_header_strings_h=yes
ac_cv_header_sys_stat_h=yes
ac_cv_header_sys_types_h=yes
ac_cv_header_unistd_h=yes
ac_cv_host=x86_64-apple-darwin14.0.0
ac_cv_lib_bz2_main=yes
ac_cv_lib_expat_main=yes
ac_cv_lib_m_main=yes
ac_cv_objext=o
ac_cv_path_EGREP='/usr/bin/grep -E'
ac_cv_path_FGREP='/usr/bin/grep -F'
ac_cv_path_GREP=/usr/bin/grep
ac_cv_path_PYTHON=/Users/Matt/Library/Enthought/Canopy_64bit/User/bin/python
ac_cv_path_SED=/usr/bin/sed
ac_cv_path_install='/usr/bin/install -c'
ac_cv_path_lt_DD=/bin/dd
ac_cv_prog_AWK=awk
ac_cv_prog_CPP='gcc -E'
ac_cv_prog_CXXCPP='g++ -E'
ac_cv_prog_ac_ct_AR=ar
ac_cv_prog_ac_ct_CC=gcc
ac_cv_prog_ac_ct_CXX=g++
ac_cv_prog_ac_ct_DSYMUTIL=dsymutil
ac_cv_prog_ac_ct_LIPO=lipo
ac_cv_prog_ac_ct_NMEDIT=nmedit
ac_cv_prog_ac_ct_OTOOL=otool
ac_cv_prog_ac_ct_RANLIB=ranlib
ac_cv_prog_ac_ct_STRIP=strip
ac_cv_prog_cc_c89=
ac_cv_prog_cc_c99=no
ac_cv_prog_cc_g=yes
ac_cv_prog_cc_stdc=
ac_cv_prog_cxx_g=yes
ac_cv_prog_make_make_set=yes
ac_cv_safe_to_define___extensions__=yes
ac_cv_search_strerror='none required'
ac_cv_target=x86_64-apple-darwin14.0.0
am_cv_CC_dependencies_compiler_type=gcc3
am_cv_CXX_dependencies_compiler_type=gcc3
am_cv_make_support_nested_variables=yes
am_cv_pathless_PYTHON=python
am_cv_prog_cc_c_o=yes
am_cv_python_platform=darwin
am_cv_python_pyexecdir='${exec_prefix}/lib/python2.7/site-packages'
am_cv_python_pythondir='${prefix}/lib/python2.7/site-packages'
am_cv_python_version=2.7
lt_cv_apple_cc_single_mod=yes
lt_cv_ar_at_file=no
lt_cv_deplibs_check_method=pass_all
lt_cv_file_magic_cmd='$MAGIC_CMD'
lt_cv_file_magic_test_file=
lt_cv_ld_exported_symbols_list=yes
lt_cv_ld_force_load=yes
lt_cv_ld_reload_flag=-r
lt_cv_nm_interface='BSD nm'
lt_cv_objdir=.libs
lt_cv_path_LD=/Applications/Xcode.app/Contents/Developer/Toolchains/XcodeDefault.xctoolchain/usr/bin/ld
lt_cv_path_LDCXX=/Applications/Xcode.app/Contents/Developer/Toolchains/XcodeDefault.xctoolchain/usr/bin/ld
lt_cv_path_NM=/usr/bin/nm
lt_cv_path_mainfest_tool=no
lt_cv_prog_compiler_c_o=yes
lt_cv_prog_compiler_c_o_CXX=yes
lt_cv_prog_compiler_pic='-fno-common -DPIC'
lt_cv_prog_compiler_pic_CXX='-fno-common -DPIC'
lt_cv_prog_compiler_pic_works=yes
lt_cv_prog_compiler_pic_works_CXX=yes
lt_cv_prog_compiler_rtti_exceptions=yes
lt_cv_prog_compiler_static_works=no
lt_cv_prog_compiler_static_works_CXX=no
lt_cv_prog_gnu_ld=no
lt_cv_prog_gnu_ldcxx=no
lt_cv_sharedlib_from_linklib_cmd='printf %s\n'
lt_cv_sys_global_symbol_pipe='sed -n -e '\''s/^.*[	 ]\([BCDEGRST][BCDEGRST]*\)[	 ][	 ]*_\([_A-Za-z][_A-Za-z0-9]*\)$/\1 _\2 \2/p'\'' | sed '\''/ __gnu_lto/d'\'''
lt_cv_sys_global_symbol_to_c_name_address='sed -n -e '\''s/^: \(.*\) .*$/  {"\1", (void *) 0},/p'\'' -e '\''s/^[BCDEGRST][BCDEGRST]* .* \(.*\)$/  {"\1", (void *) \&\1},/p'\'''
lt_cv_sys_global_symbol_to_c_name_address_lib_prefix='sed -n -e '\''s/^: \(.*\) .*$/  {"\1", (void *) 0},/p'\'' -e '\''s/^[BCDEGRST][BCDEGRST]* .* \(lib.*\)$/  {"\1", (void *) \&\1},/p'\'' -e '\''s/^[BCDEGRST][BCDEGRST]* .* \(.*\)$/  {"lib\1", (void *) \&\1},/p'\'''
lt_cv_sys_global_symbol_to_cdecl='sed -n -e '\''s/^T .* \(.*\)$/extern int \1();/p'\'' -e '\''s/^[BCDEGRST][BCDEGRST]* .* \(.*\)$/extern char \1;/p'\'''
lt_cv_sys_global_symbol_to_import=
lt_cv_sys_max_cmd_len=196608
lt_cv_to_host_file_cmd=func_convert_file_noop
lt_cv_to_tool_file_cmd=func_convert_file_noop
lt_cv_truncate_bin='/bin/dd bs=4096 count=1'

## ----------------- ##
## Output variables. ##
## ----------------- ##

ACLOCAL='${SHELL} /Users/Matt/Documents/Python/Knotting/Github/Evolutionary-Algorithms-for-Knot-Theory/Python/graph-tool-2.2.36/missing aclocal-1.14'
AMDEPBACKSLASH='\'
AMDEP_FALSE='#'
AMDEP_TRUE=''
AMTAR='$${TAR-tar}'
AM_BACKSLASH='\'
AM_DEFAULT_V='$(AM_DEFAULT_VERBOSITY)'
AM_DEFAULT_VERBOSITY='0'
AM_V='$(V)'
AR='ar'
AUTOCONF='${SHELL} /Users/Matt/Documents/Python/Knotting/Github/Evolutionary-Algorithms-for-Knot-Theory/Python/graph-tool-2.2.36/missing autoconf'
AUTOHEADER='${SHELL} /Users/Matt/Documents/Python/Knotting/Github/Evolutionary-Algorithms-for-Knot-Theory/Python/graph-tool-2.2.36/missing autoheader'
AUTOMAKE='${SHELL} /Users/Matt/Documents/Python/Knotting/Github/Evolutionary-Algorithms-for-Knot-Theory/Python/graph-tool-2.2.36/missing automake-1.14'
AWK='awk'
BOOST_CPPFLAGS=''
BOOST_GRAPH_LIB=''
BOOST_IOSTREAMS_LIB=''
BOOST_LDFLAGS=''
BOOST_PYTHON_LIB=''
BOOST_REGEX_LIB=''
CAIROMM_CFLAGS=''
CAIROMM_LIBS=''
CC='gcc'
CCDEPMODE='depmode=gcc3'
CFLAGS='-g -O2'
CGAL_FLAGS=''
CGAL_LIBADD=''
CPP='gcc -E'
CPPFLAGS=''
CXX='g++'
CXXCPP='g++ -E'
CXXDEPMODE='depmode=gcc3'
CXXFLAGS='-Wall -Wextra -Wno-unused-local-typedefs -Wno-unused-parameter  -DNDEBUG -std=gnu++11 -ftemplate-depth-250 -Wno-deprecated -Wno-unknown-pragmas -O3 -fvisibility=default -fvisibility-inlines-hidden -Wno-unknown-pragmas'
CYGPATH_W='echo'
DEFS=''
DEPDIR='.deps'
DLLTOOL='false'
DSYMUTIL='dsymutil'
DUMPBIN=''
ECHO_C='\c'
ECHO_N=''
ECHO_T=''
EGREP='/usr/bin/grep -E'
EXEEXT=''
FGREP='/usr/bin/grep -F'
GRAPH_TOOL_VERSION_MAJOR='2'
GRAPH_TOOL_VERSION_MICRO='36'
GRAPH_TOOL_VERSION_MINOR='2'
GREP='/usr/bin/grep'
INSTALL_DATA='${INSTALL} -m 644'
INSTALL_PROGRAM='${INSTALL}'
INSTALL_SCRIPT='${INSTALL}'
INSTALL_STRIP_PROGRAM='$(install_sh) -c -s'
LD='/Applications/Xcode.app/Contents/Developer/Toolchains/XcodeDefault.xctoolchain/usr/bin/ld'
LDFLAGS='-L/usr/local/bin/python/lib'
LIBOBJS=''
LIBS='-lexpat -lbz2 -lm '
LIBTOOL='$(SHELL) $(top_builddir)/libtool'
LIPO='lipo'
LN_S='ln -s'
LTLIBOBJS=''
MAKEINFO='${SHELL} /Users/Matt/Documents/Python/Knotting/Github/Evolutionary-Algorithms-for-Knot-Theory/Python/graph-tool-2.2.36/missing makeinfo'
MANIFEST_TOOL=':'
MKDIR_P='./install-sh -c -d'
MOD_CPPFLAGS=''
MOD_DIR=''
MOD_LDFLAGS=''
MOD_LIBADD=''
NM='/usr/bin/nm'
NMEDIT='nmedit'
NO_INLINE_FALSE=''
NO_INLINE_TRUE='#'
NO_PREFIX_PACKAGE_DATA_DIR=''
NO_PREFIX_PACKAGE_DOC_DIR=''
OBJDUMP='false'
OBJEXT='o'
OPENMP_LDFLAGS=''
OTOOL64=':'
OTOOL='otool'
PACKAGE='graph-tool'
PACKAGE_BUGREPORT='http://graph-tool.skewed.de/tickets'
PACKAGE_DATA_DIR=''
PACKAGE_DOC_DIR=''
PACKAGE_NAME='graph-tool'
PACKAGE_STRING='graph-tool 2.2.36'
PACKAGE_TARNAME='graph-tool'
PACKAGE_URL='http://graph-tool.skewed.de'
PACKAGE_VERSION='2.2.36'
PATH_SEPARATOR=':'
PKG_CONFIG=''
PKG_CONFIG_LIBDIR=''
PKG_CONFIG_PATH=''
PYTHON='/Users/Matt/Library/Enthought/Canopy_64bit/User/bin/python'
PYTHON_CPPFLAGS='-I/Applications/Canopy.app/appdata/canopy-1.1.0.1371.macosx-x86_64/Canopy.app/Contents/include/python2.7'
PYTHON_EXEC_PREFIX='${exec_prefix}'
PYTHON_EXTRA_LDFLAGS='-u _PyMac_Error Python.framework/Versions/2.0.0.dev1-a8c3646/Python'
PYTHON_EXTRA_LIBS='-ldl  -framework CoreFoundation '
PYTHON_FULL_VERSION='2.7.3'
PYTHON_LDFLAGS='-L/Applications/Canopy.app/appdata/canopy-1.1.0.1371.macosx-x86_64/Canopy.app/Contents/lib -lpython2.7'
PYTHON_PLATFORM='darwin'
PYTHON_PREFIX='${prefix}'
PYTHON_SITE_PKG='/Users/Matt/Library/Enthought/Canopy_64bit/User/lib/python2.7/site-packages'
PYTHON_VERSION='2.7'
RANLIB='ranlib'
SED='/usr/bin/sed'
SET_MAKE=''
SHELL='/bin/sh'
SPARSEHASH_CFLAGS=''
SPARSEHASH_LIBS=''
STRIP='strip'
VERSION='2.2.36'
ac_ct_AR='ar'
ac_ct_CC='gcc'
ac_ct_CXX='g++'
ac_ct_DUMPBIN=''
am__EXEEXT_FALSE=''
am__EXEEXT_TRUE=''
am__fastdepCC_FALSE='#'
am__fastdepCC_TRUE=''
am__fastdepCXX_FALSE='#'
am__fastdepCXX_TRUE=''
am__include='include'
am__isrc=''
am__leading_dot='.'
am__nodep='_no'
am__quote=''
am__tar='$${TAR-tar} chof - "$$tardir"'
am__untar='$${TAR-tar} xf -'
bindir='${exec_prefix}/bin'
build='x86_64-apple-darwin14.0.0'
build_alias=''
build_cpu='x86_64'
build_os='darwin14.0.0'
build_vendor='apple'
datadir='${datarootdir}'
datarootdir='${prefix}/share'
docdir='${datarootdir}/doc/${PACKAGE_TARNAME}'
dvidir='${docdir}'
exec_prefix='NONE'
host='x86_64-apple-darwin14.0.0'
host_alias=''
host_cpu='x86_64'
host_os='darwin14.0.0'
host_vendor='apple'
htmldir='${docdir}'
includedir='${prefix}/include'
infodir='${datarootdir}/info'
install_sh='${SHELL} /Users/Matt/Documents/Python/Knotting/Github/Evolutionary-Algorithms-for-Knot-Theory/Python/graph-tool-2.2.36/install-sh'
libdir='${exec_prefix}/lib'
libexecdir='${exec_prefix}/libexec'
localedir='${datarootdir}/locale'
localstatedir='${prefix}/var'
mandir='${datarootdir}/man'
mkdir_p='$(MKDIR_P)'
oldincludedir='/usr/include'
pdfdir='${docdir}'
pkgpyexecdir='${pyexecdir}/graph-tool'
pkgpythondir='${pythondir}/graph-tool'
prefix='/usr/local'
program_transform_name='s,x,x,'
psdir='${docdir}'
pyexecdir='${exec_prefix}/lib/python2.7/site-packages'
pythondir='${prefix}/lib/python2.7/site-packages'
sbindir='${exec_prefix}/sbin'
sharedstatedir='${prefix}/com'
sysconfdir='${prefix}/etc'
target='x86_64-apple-darwin14.0.0'
target_alias=''
target_cpu='x86_64'
target_os='darwin14.0.0'
target_vendor='apple'

## ----------- ##
## confdefs.h. ##
## ----------- ##

/* confdefs.h */
#define PACKAGE_NAME "graph-tool"
#define PACKAGE_TARNAME "graph-tool"
#define PACKAGE_VERSION "2.2.36"
#define PACKAGE_STRING "graph-tool 2.2.36"
#define PACKAGE_BUGREPORT "http://graph-tool.skewed.de/tickets"
#define PACKAGE_URL "http://graph-tool.skewed.de"
#define PACKAGE "graph-tool"
#define VERSION "2.2.36"
#define STDC_HEADERS 1
#define HAVE_SYS_TYPES_H 1
#define HAVE_SYS_STAT_H 1
#define HAVE_STDLIB_H 1
#define HAVE_STRING_H 1
#define HAVE_MEMORY_H 1
#define HAVE_STRINGS_H 1
#define HAVE_INTTYPES_H 1
#define HAVE_STDINT_H 1
#define HAVE_UNISTD_H 1
#define __EXTENSIONS__ 1
#define _ALL_SOURCE 1
#define _GNU_SOURCE 1
#define _POSIX_PTHREAD_SEMANTICS 1
#define _TANDEM_SOURCE 1
#define STDC_HEADERS 1
#define HAVE_DLFCN_H 1
#define LT_OBJDIR ".libs/"
#define HAVE_LIBM 1
#define HAVE_LIBBZ2 1
#define HAVE_LIBEXPAT 1
#define HAVE_PYTHON "2.7"

configure: exit 1
